Some weights of CamembertForSequenceClassification were not initialized from the model checkpoint at camembert-base and are newly initialized: ['classifier.dense.bias', 'classifier.dense.weight', 'classifier.out_proj.bias', 'classifier.out_proj.weight']
You should probably TRAIN this model on a down-stream task to be able to use it for predictions and inference.
wandb: Currently logged in as: balthazar-martin123. Use `wandb login --relogin` to force relogin
wandb: wandb version 0.16.6 is available!  To upgrade, please run:
wandb:  $ pip install wandb --upgrade
wandb: Tracking run with wandb version 0.16.4
wandb: Run data is saved locally in ./wandb/run-20240406_125742-cdv7q6e3
wandb: Run `wandb offline` to turn off syncing.
wandb: Syncing run defiant-holosuite-3
wandb: ⭐️ View project at https://wandb.ai/balthazar-martin123/camembert_arg
wandb: 🚀 View run at https://wandb.ai/balthazar-martin123/camembert_arg/runs/cdv7q6e3
GPU available: True (cuda), used: True
TPU available: False, using: 0 TPU cores
IPU available: False, using: 0 IPUs
HPU available: False, using: 0 HPUs
You are using a CUDA device ('NVIDIA A100-SXM4-80GB MIG 2g.20gb') that has Tensor Cores. To properly utilize them, you should set `torch.set_float32_matmul_precision('medium' | 'high')` which will trade-off precision for performance. For more details, read https://pytorch.org/docs/stable/generated/torch.set_float32_matmul_precision.html#torch.set_float32_matmul_precision
LOCAL_RANK: 0 - CUDA_VISIBLE_DEVICES: [0]

  | Name  | Type                               | Params
-------------------------------------------------------------
0 | model | CamembertForSequenceClassification | 110 M 
-------------------------------------------------------------
110 M     Trainable params
0         Non-trainable params
110 M     Total params
442.497   Total estimated model params size (MB)
SLURM auto-requeueing enabled. Setting signal handlers.
/raid/home/automatants/martin_bal/PoleProj/Argument-detection/.venv/lib/python3.10/site-packages/pytorch_lightning/trainer/connectors/data_connector.py:441: The 'val_dataloader' does not have many workers which may be a bottleneck. Consider increasing the value of the `num_workers` argument` to `num_workers=3` in the `DataLoader` to improve performance.
/raid/home/automatants/martin_bal/PoleProj/Argument-detection/.venv/lib/python3.10/site-packages/pytorch_lightning/trainer/connectors/data_connector.py:441: The 'train_dataloader' does not have many workers which may be a bottleneck. Consider increasing the value of the `num_workers` argument` to `num_workers=3` in the `DataLoader` to improve performance.
`Trainer.fit` stopped: `max_epochs=1` reached.
wandb: - 0.015 MB of 0.015 MB uploadedwandb: \ 0.015 MB of 0.015 MB uploadedwandb: | 0.018 MB of 0.022 MB uploaded (0.002 MB deduped)wandb: / 0.022 MB of 0.022 MB uploaded (0.002 MB deduped)wandb: 
wandb: Run history:
wandb:               epoch ▁▁
wandb:          train/loss ▁
wandb: trainer/global_step ▁█
wandb:           valid/acc ▁
wandb:            valid/f1 ▁
wandb: 
wandb: Run summary:
wandb:               epoch 0
wandb:          train/loss 0.52387
wandb: trainer/global_step 50
wandb:           valid/acc 1.0
wandb:            valid/f1 1.0
wandb: 
wandb: 🚀 View run defiant-holosuite-3 at: https://wandb.ai/balthazar-martin123/camembert_arg/runs/cdv7q6e3
wandb: ️⚡ View job at https://wandb.ai/balthazar-martin123/camembert_arg/jobs/QXJ0aWZhY3RDb2xsZWN0aW9uOjE1Njg2MTU3OQ==/version_details/v1
wandb: Synced 5 W&B file(s), 0 media file(s), 2 artifact file(s) and 0 other file(s)
wandb: Find logs at: ./wandb/run-20240406_125742-cdv7q6e3/logs
