0.0
0.5745880312228968
1.1491760624457936
1.7237640936686904
2.2983521248915872
2.872940156114484
3.447528187337381
4.022116218560277
4.5967042497831745
5.171292281006071
5.745880312228968
6.320468343451864
6.895056374674762
7.469644405897659
8.044232437120554
8.618820468343452
9.193408499566349
9.767996530789246
10.342584562012142
10.917172593235039
11.491760624457935
12.066348655680832
12.640936686903729
13.215524718126625
13.790112749349523
14.36470078057242
14.939288811795318
15.513876843018211
16.088464874241108
16.663052905464006
17.237640936686905
17.812228967909803
18.386816999132698
18.961405030355593
19.53599306157849
20.11058109280139
20.685169124024284
21.25975715524718
21.834345186470077
22.408933217692976
22.98352124891587
23.55810928013877
24.132697311361664
24.707285342584562
25.281873373807457
25.856461405030355
26.43104943625325
27.005637467476152
27.580225498699047
28.15481352992194
28.72940156114484
29.303989592367735
29.878577623590637
30.45316565481353
31.027753686036423
31.602341717259325
32.176929748482216
32.75151777970512
33.32610581092801
33.90069384215091
34.47528187337381
35.049869904596704
35.624457935819606
36.1990459670425
36.773633998265396
37.34822202948829
37.857762359063315
38.43235039028621
39.006938421509105
39.581526452732
40.1561144839549
40.730702515177796
41.30529054640069
41.87987857762359
42.45446660884649
43.02905464006939
43.60364267129228
44.17823070251517
44.752818733738074
45.32740676496097
45.90199479618387
46.476582827406766
47.05117085862966
47.62575888985256
48.20034692107546
48.77493495229835
49.34952298352125
49.92411101474414
50.498699045967044
51.073287077189946
51.64787510841283
52.222463139635735
52.79705117085863
53.371639202081525
53.94622723330442
53.951647875108414
53.9570685169124
53.96248915871639
53.96790980052039
53.973330442324375
53.97875108412836
53.98417172593235
53.989592367736336
54.74848222029488
55.323070251517784
55.89765828274068
56.472246313963566
57.04683434518647
57.62142237640937
58.19601040763226
58.77059843885516
59.34518647007806
59.91977450130095
60.49436253252385
61.068950563746746
61.64353859496965
62.218126626192536
62.79271465741544
63.340199479618384
63.914787510841286
64.48937554206418
65.06396357328708
65.63855160450997
66.21313963573287
66.78772766695576
67.36231569817866
67.93690372940156
68.51149176062445
69.08607979184735
69.66066782307026
70.23525585429314
70.80984388551605
71.38443191673895
71.95901994796185
72.53360797918474
73.10819601040764
73.68278404163053
74.25737207285343
74.83196010407632
75.40654813529922
75.9811361665221
76.55572419774501
77.13031222896791
77.7049002601908
78.2794882914137
78.8540763226366
79.4286643538595
80.00325238508239
80.57784041630529
81.1524284475282
81.72701647875108
82.30160450997398
82.87619254119689
83.45078057241977
84.02536860364268
84.59995663486556
85.17454466608847
85.74913269731135
86.32372072853425
86.89830875975716
87.4512142237641
88.025802254987
88.60039028620989
89.17497831743279
89.74956634865569
90.32415437987858
90.8282740676496
91.4028620988725
91.9774501300954
92.5520381613183
93.1266261925412
93.7012142237641
94.275802254987
94.85039028620989
95.42497831743279
95.99956634865569
96.57415437987858
97.14874241110148
97.72333044232437
98.29791847354727
98.85082393755421
99.4254119687771
